execve("/usr/bin/python3", ["python3", "py_runner.py"], 0x7fffc372ab58 /* 31 vars */) = 0
brk(NULL)                               = 0x56243035a000
arch_prctl(0x3001 /* ARCH_??? */, 0x7ffe205f2450) = -1 EINVAL (Invalid argument)
mmap(NULL, 8192, PROT_READ|PROT_WRITE, MAP_PRIVATE|MAP_ANONYMOUS, -1, 0) = 0x7f5eed202000
access("/etc/ld.so.preload", R_OK)      = -1 ENOENT (No such file or directory)
openat(AT_FDCWD, "/etc/ld.so.cache", O_RDONLY|O_CLOEXEC) = 3
newfstatat(3, "", {st_mode=S_IFREG|0644, st_size=33999, ...}, AT_EMPTY_PATH) = 0
mmap(NULL, 33999, PROT_READ, MAP_PRIVATE, 3, 0) = 0x7f5eed1f9000
close(3)                                = 0
openat(AT_FDCWD, "/lib/x86_64-linux-gnu/libm.so.6", O_RDONLY|O_CLOEXEC) = 3
read(3, "\177ELF\2\1\1\3\0\0\0\0\0\0\0\0\3\0>\0\1\0\0\0\0\0\0\0\0\0\0\0"..., 832) = 832
newfstatat(3, "", {st_mode=S_IFREG|0644, st_size=940560, ...}, AT_EMPTY_PATH) = 0
mmap(NULL, 942344, PROT_READ, MAP_PRIVATE|MAP_DENYWRITE, 3, 0) = 0x7f5eed112000
mmap(0x7f5eed120000, 507904, PROT_READ|PROT_EXEC, MAP_PRIVATE|MAP_FIXED|MAP_DENYWRITE, 3, 0xe000) = 0x7f5eed120000
mmap(0x7f5eed19c000, 372736, PROT_READ, MAP_PRIVATE|MAP_FIXED|MAP_DENYWRITE, 3, 0x8a000) = 0x7f5eed19c000
mmap(0x7f5eed1f7000, 8192, PROT_READ|PROT_WRITE, MAP_PRIVATE|MAP_FIXED|MAP_DENYWRITE, 3, 0xe4000) = 0x7f5eed1f7000
close(3)                                = 0
openat(AT_FDCWD, "/lib/x86_64-linux-gnu/libexpat.so.1", O_RDONLY|O_CLOEXEC) = 3
read(3, "\177ELF\2\1\1\0\0\0\0\0\0\0\0\0\3\0>\0\1\0\0\0\0\0\0\0\0\0\0\0"..., 832) = 832
newfstatat(3, "", {st_mode=S_IFREG|0644, st_size=194872, ...}, AT_EMPTY_PATH) = 0
mmap(NULL, 196792, PROT_READ, MAP_PRIVATE|MAP_DENYWRITE, 3, 0) = 0x7f5eed0e1000
mprotect(0x7f5eed0e5000, 172032, PROT_NONE) = 0
mmap(0x7f5eed0e5000, 126976, PROT_READ|PROT_EXEC, MAP_PRIVATE|MAP_FIXED|MAP_DENYWRITE, 3, 0x4000) = 0x7f5eed0e5000
mmap(0x7f5eed104000, 40960, PROT_READ, MAP_PRIVATE|MAP_FIXED|MAP_DENYWRITE, 3, 0x23000) = 0x7f5eed104000
mmap(0x7f5eed10f000, 12288, PROT_READ|PROT_WRITE, MAP_PRIVATE|MAP_FIXED|MAP_DENYWRITE, 3, 0x2d000) = 0x7f5eed10f000
close(3)                                = 0
openat(AT_FDCWD, "/lib/x86_64-linux-gnu/libz.so.1", O_RDONLY|O_CLOEXEC) = 3
read(3, "\177ELF\2\1\1\3\0\0\0\0\0\0\0\0\3\0>\0\1\0\0\0\0\0\0\0\0\0\0\0"..., 832) = 832
newfstatat(3, "", {st_mode=S_IFREG|0644, st_size=108936, ...}, AT_EMPTY_PATH) = 0
mmap(NULL, 110776, PROT_READ, MAP_PRIVATE|MAP_DENYWRITE, 3, 0) = 0x7f5eed0c5000
mprotect(0x7f5eed0c7000, 98304, PROT_NONE) = 0
mmap(0x7f5eed0c7000, 69632, PROT_READ|PROT_EXEC, MAP_PRIVATE|MAP_FIXED|MAP_DENYWRITE, 3, 0x2000) = 0x7f5eed0c7000
mmap(0x7f5eed0d8000, 24576, PROT_READ, MAP_PRIVATE|MAP_FIXED|MAP_DENYWRITE, 3, 0x13000) = 0x7f5eed0d8000
mmap(0x7f5eed0df000, 8192, PROT_READ|PROT_WRITE, MAP_PRIVATE|MAP_FIXED|MAP_DENYWRITE, 3, 0x19000) = 0x7f5eed0df000
close(3)                                = 0
openat(AT_FDCWD, "/lib/x86_64-linux-gnu/libc.so.6", O_RDONLY|O_CLOEXEC) = 3
read(3, "\177ELF\2\1\1\3\0\0\0\0\0\0\0\0\3\0>\0\1\0\0\0P\237\2\0\0\0\0\0"..., 832) = 832
pread64(3, "\6\0\0\0\4\0\0\0@\0\0\0\0\0\0\0@\0\0\0\0\0\0\0@\0\0\0\0\0\0\0"..., 784, 64) = 784
pread64(3, "\4\0\0\0 \0\0\0\5\0\0\0GNU\0\2\0\0\300\4\0\0\0\3\0\0\0\0\0\0\0"..., 48, 848) = 48
pread64(3, "\4\0\0\0\24\0\0\0\3\0\0\0GNU\0\302\211\332Pq\2439\235\350\223\322\257\201\326\243\f"..., 68, 896) = 68
newfstatat(3, "", {st_mode=S_IFREG|0755, st_size=2220400, ...}, AT_EMPTY_PATH) = 0
pread64(3, "\6\0\0\0\4\0\0\0@\0\0\0\0\0\0\0@\0\0\0\0\0\0\0@\0\0\0\0\0\0\0"..., 784, 64) = 784
mmap(NULL, 2264656, PROT_READ, MAP_PRIVATE|MAP_DENYWRITE, 3, 0) = 0x7f5eece9c000
mprotect(0x7f5eecec4000, 2023424, PROT_NONE) = 0
mmap(0x7f5eecec4000, 1658880, PROT_READ|PROT_EXEC, MAP_PRIVATE|MAP_FIXED|MAP_DENYWRITE, 3, 0x28000) = 0x7f5eecec4000
mmap(0x7f5eed059000, 360448, PROT_READ, MAP_PRIVATE|MAP_FIXED|MAP_DENYWRITE, 3, 0x1bd000) = 0x7f5eed059000
mmap(0x7f5eed0b2000, 24576, PROT_READ|PROT_WRITE, MAP_PRIVATE|MAP_FIXED|MAP_DENYWRITE, 3, 0x215000) = 0x7f5eed0b2000
mmap(0x7f5eed0b8000, 52816, PROT_READ|PROT_WRITE, MAP_PRIVATE|MAP_FIXED|MAP_ANONYMOUS, -1, 0) = 0x7f5eed0b8000
close(3)                                = 0
mmap(NULL, 8192, PROT_READ|PROT_WRITE, MAP_PRIVATE|MAP_ANONYMOUS, -1, 0) = 0x7f5eece9a000
arch_prctl(ARCH_SET_FS, 0x7f5eece9b000) = 0
set_tid_address(0x7f5eece9b2d0)         = 52799
set_robust_list(0x7f5eece9b2e0, 24)     = 0
rseq(0x7f5eece9b9a0, 0x20, 0, 0x53053053) = 0
mprotect(0x7f5eed0b2000, 16384, PROT_READ) = 0
mprotect(0x7f5eed0df000, 4096, PROT_READ) = 0
mprotect(0x7f5eed10f000, 8192, PROT_READ) = 0
mprotect(0x7f5eed1f7000, 4096, PROT_READ) = 0
mprotect(0x56242fce8000, 28672, PROT_READ) = 0
mprotect(0x7f5eed23c000, 8192, PROT_READ) = 0
prlimit64(0, RLIMIT_STACK, NULL, {rlim_cur=8192*1024, rlim_max=RLIM64_INFINITY}) = 0
munmap(0x7f5eed1f9000, 33999)           = 0
getrandom("\xfc\xe4\x8e\xf3\x8d\x4c\xc7\x5b", 8, GRND_NONBLOCK) = 8
brk(NULL)                               = 0x56243035a000
brk(0x56243037b000)                     = 0x56243037b000
openat(AT_FDCWD, "/usr/lib/locale/locale-archive", O_RDONLY|O_CLOEXEC) = -1 ENOENT (No such file or directory)
openat(AT_FDCWD, "/usr/share/locale/locale.alias", O_RDONLY|O_CLOEXEC) = 3
newfstatat(3, "", {st_mode=S_IFREG|0644, st_size=2996, ...}, AT_EMPTY_PATH) = 0
read(3, "# Locale name alias data base.\n#"..., 4096) = 2996
read(3, "", 4096)                       = 0
close(3)                                = 0
openat(AT_FDCWD, "/usr/lib/locale/C.UTF-8/LC_CTYPE", O_RDONLY|O_CLOEXEC) = -1 ENOENT (No such file or directory)
openat(AT_FDCWD, "/usr/lib/locale/C.utf8/LC_CTYPE", O_RDONLY|O_CLOEXEC) = 3
newfstatat(3, "", {st_mode=S_IFREG|0644, st_size=353616, ...}, AT_EMPTY_PATH) = 0
mmap(NULL, 353616, PROT_READ, MAP_PRIVATE, 3, 0) = 0x7f5eece43000
close(3)                                = 0
openat(AT_FDCWD, "/usr/lib/x86_64-linux-gnu/gconv/gconv-modules.cache", O_RDONLY) = 3
newfstatat(3, "", {st_mode=S_IFREG|0644, st_size=27002, ...}, AT_EMPTY_PATH) = 0
mmap(NULL, 27002, PROT_READ, MAP_SHARED, 3, 0) = 0x7f5eed1fb000
close(3)                                = 0
futex(0x7f5eed0b7a6c, FUTEX_WAKE_PRIVATE, 2147483647) = 0
getcwd("/mnt/c/Users/ShapeLayer/Documents/GitHub/ShapeLayer/training/lectures/jnu/operating-system-park-2024/lecture_02/strace", 4096) = 119
getrandom("\x63\x49\xde\xb4\x4e\x5f\xea\x32\x22\xec\xde\xb0\x70\x00\x68\x58\xa5\xa9\x2a\x65\x38\x28\x5a\xb2", 24, GRND_NONBLOCK) = 24
mmap(NULL, 1048576, PROT_READ|PROT_WRITE, MAP_PRIVATE|MAP_ANONYMOUS, -1, 0) = 0x7f5eecd43000
mmap(NULL, 266240, PROT_READ|PROT_WRITE, MAP_PRIVATE|MAP_ANONYMOUS, -1, 0) = 0x7f5eecd02000
mmap(NULL, 135168, PROT_READ|PROT_WRITE, MAP_PRIVATE|MAP_ANONYMOUS, -1, 0) = 0x7f5eecce1000
brk(0x56243039c000)                     = 0x56243039c000
brk(0x5624303bf000)                     = 0x5624303bf000
newfstatat(AT_FDCWD, "/home/shapelayer/.local/bin/python3", 0x7ffe205f1fa0, 0) = -1 ENOENT (No such file or directory)
newfstatat(AT_FDCWD, "/usr/bin/typst/python3", 0x7ffe205f1fa0, 0) = -1 ENOENT (No such file or directory)
newfstatat(AT_FDCWD, "/home/shapelayer/.bun/bin/python3", 0x7ffe205f1fa0, 0) = -1 ENOENT (No such file or directory)
newfstatat(AT_FDCWD, "/home/shapelayer/.nvm/versions/node/v21.4.0/bin/python3", 0x7ffe205f1fa0, 0) = -1 ENOENT (No such file or directory)
newfstatat(AT_FDCWD, "/home/shapelayer/.cargo/bin/python3", 0x7ffe205f1fa0, 0) = -1 ENOENT (No such file or directory)
newfstatat(AT_FDCWD, "/usr/local/sbin/python3", 0x7ffe205f1fa0, 0) = -1 ENOENT (No such file or directory)
newfstatat(AT_FDCWD, "/usr/local/bin/python3", 0x7ffe205f1fa0, 0) = -1 ENOENT (No such file or directory)
newfstatat(AT_FDCWD, "/usr/sbin/python3", 0x7ffe205f1fa0, 0) = -1 ENOENT (No such file or directory)
newfstatat(AT_FDCWD, "/usr/bin/python3", {st_mode=S_IFREG|0755, st_size=5904904, ...}, 0) = 0
readlink("/usr/bin/python3", "python3.10", 4096) = 10
readlink("/usr/bin/python3.10", 0x7ffe205ecdb0, 4096) = -1 EINVAL (Invalid argument)
openat(AT_FDCWD, "/usr/bin/pyvenv.cfg", O_RDONLY) = -1 ENOENT (No such file or directory)
openat(AT_FDCWD, "/usr/pyvenv.cfg", O_RDONLY) = -1 ENOENT (No such file or directory)
newfstatat(AT_FDCWD, "/usr/bin/Modules/Setup.local", 0x7ffe205edd80, 0) = -1 ENOENT (No such file or directory)
newfstatat(AT_FDCWD, "/usr/bin/lib/python3.10/os.py", 0x7ffe205edc80, 0) = -1 ENOENT (No such file or directory)
newfstatat(AT_FDCWD, "/usr/bin/lib/python3.10/os.pyc", 0x7ffe205edc80, 0) = -1 ENOENT (No such file or directory)
newfstatat(AT_FDCWD, "/usr/lib/python3.10/os.py", {st_mode=S_IFREG|0644, st_size=39557, ...}, 0) = 0
openat(AT_FDCWD, "/usr/bin/pybuilddir.txt", O_RDONLY) = -1 ENOENT (No such file or directory)
newfstatat(AT_FDCWD, "/usr/bin/lib/python3.10/lib-dynload", 0x7ffe205ece00, 0) = -1 ENOENT (No such file or directory)
newfstatat(AT_FDCWD, "/usr/lib/python3.10/lib-dynload", {st_mode=S_IFDIR|0755, st_size=12288, ...}, 0) = 0
mmap(NULL, 1048576, PROT_READ|PROT_WRITE, MAP_PRIVATE|MAP_ANONYMOUS, -1, 0) = 0x7f5eecbe1000
sysinfo({uptime=11046, loads=[1440, 4160, 672], totalram=12486520832, freeram=10194522112, sharedram=16785408, bufferram=107110400, totalswap=3221225472, freeswap=3221225472, procs=364, totalhigh=0, freehigh=0, mem_unit=1}) = 0
openat(AT_FDCWD, "/etc/localtime", O_RDONLY|O_CLOEXEC) = 3
newfstatat(3, "", {st_mode=S_IFREG|0644, st_size=617, ...}, AT_EMPTY_PATH) = 0
newfstatat(3, "", {st_mode=S_IFREG|0644, st_size=617, ...}, AT_EMPTY_PATH) = 0
brk(0x5624303e0000)                     = 0x5624303e0000
read(3, "TZif2\0\0\0\0\0\0\0\0\0\0\0\0\0\0\0\0\0\0\0\0\0\0\0\0\0\0\0"..., 4096) = 617
lseek(3, -370, SEEK_CUR)                = 247
read(3, "TZif2\0\0\0\0\0\0\0\0\0\0\0\0\0\0\0\0\0\0\0\0\0\0\0\0\0\0\0"..., 4096) = 370
close(3)                                = 0
brk(0x5624303df000)                     = 0x5624303df000
newfstatat(AT_FDCWD, "/usr/lib/python310.zip", 0x7ffe205f0650, 0) = -1 ENOENT (No such file or directory)
newfstatat(AT_FDCWD, "/usr/lib", {st_mode=S_IFDIR|0755, st_size=4096, ...}, 0) = 0
newfstatat(AT_FDCWD, "/usr/lib/python310.zip", 0x7ffe205f03c0, 0) = -1 ENOENT (No such file or directory)
newfstatat(AT_FDCWD, "/usr/lib/python3.10", {st_mode=S_IFDIR|0755, st_size=20480, ...}, 0) = 0
newfstatat(AT_FDCWD, "/usr/lib/python3.10", {st_mode=S_IFDIR|0755, st_size=20480, ...}, 0) = 0
newfstatat(AT_FDCWD, "/usr/lib/python3.10", {st_mode=S_IFDIR|0755, st_size=20480, ...}, 0) = 0
openat(AT_FDCWD, "/usr/lib/python3.10", O_RDONLY|O_NONBLOCK|O_CLOEXEC|O_DIRECTORY) = 3
newfstatat(3, "", {st_mode=S_IFDIR|0755, st_size=20480, ...}, AT_EMPTY_PATH) = 0
getdents64(3, 0x5624303c0070 /* 205 entries */, 32768) = 6856
getdents64(3, 0x5624303c0070 /* 0 entries */, 32768) = 0
close(3)                                = 0
newfstatat(AT_FDCWD, "/usr/lib/python3.10/encodings/__init__.cpython-310-x86_64-linux-gnu.so", 0x7ffe205f07e0, 0) = -1 ENOENT (No such file or directory)
newfstatat(AT_FDCWD, "/usr/lib/python3.10/encodings/__init__.abi3.so", 0x7ffe205f07e0, 0) = -1 ENOENT (No such file or directory)
newfstatat(AT_FDCWD, "/usr/lib/python3.10/encodings/__init__.so", 0x7ffe205f07e0, 0) = -1 ENOENT (No such file or directory)
newfstatat(AT_FDCWD, "/usr/lib/python3.10/encodings/__init__.py", {st_mode=S_IFREG|0644, st_size=5620, ...}, 0) = 0
newfstatat(AT_FDCWD, "/usr/lib/python3.10/encodings/__init__.py", {st_mode=S_IFREG|0644, st_size=5620, ...}, 0) = 0
openat(AT_FDCWD, "/usr/lib/python3.10/encodings/__pycache__/__init__.cpython-310.pyc", O_RDONLY|O_CLOEXEC) = 3
fcntl(3, F_GETFD)                       = 0x1 (flags FD_CLOEXEC)
newfstatat(3, "", {st_mode=S_IFREG|0644, st_size=3875, ...}, AT_EMPTY_PATH) = 0
ioctl(3, TCGETS, 0x7ffe205f0ad0)        = -1 ENOTTY (Inappropriate ioctl for device)
lseek(3, 0, SEEK_CUR)                   = 0
lseek(3, 0, SEEK_CUR)                   = 0
newfstatat(3, "", {st_mode=S_IFREG|0644, st_size=3875, ...}, AT_EMPTY_PATH) = 0
read(3, "o\r\r\n\0\0\0\0\275w[e\364\25\0\0\343\0\0\0\0\0\0\0\0\0\0\0\0\0\0\0"..., 3876) = 3875
read(3, "", 1)                          = 0
close(3)                                = 0
newfstatat(AT_FDCWD, "/usr/lib/python3.10", {st_mode=S_IFDIR|0755, st_size=20480, ...}, 0) = 0
newfstatat(AT_FDCWD, "/usr/lib/python3.10/codecs.py", {st_mode=S_IFREG|0644, st_size=36714, ...}, 0) = 0
newfstatat(AT_FDCWD, "/usr/lib/python3.10/codecs.py", {st_mode=S_IFREG|0644, st_size=36714, ...}, 0) = 0
openat(AT_FDCWD, "/usr/lib/python3.10/__pycache__/codecs.cpython-310.pyc", O_RDONLY|O_CLOEXEC) = 3
newfstatat(3, "", {st_mode=S_IFREG|0644, st_size=33219, ...}, AT_EMPTY_PATH) = 0
ioctl(3, TCGETS, 0x7ffe205efc50)        = -1 ENOTTY (Inappropriate ioctl for device)
lseek(3, 0, SEEK_CUR)                   = 0
lseek(3, 0, SEEK_CUR)                   = 0
newfstatat(3, "", {st_mode=S_IFREG|0644, st_size=33219, ...}, AT_EMPTY_PATH) = 0
read(3, "o\r\r\n\0\0\0\0\275w[ej\217\0\0\343\0\0\0\0\0\0\0\0\0\0\0\0\0\0\0"..., 33220) = 33219
read(3, "", 1)                          = 0
close(3)                                = 0
newfstatat(AT_FDCWD, "/usr/lib/python3.10/encodings", {st_mode=S_IFDIR|0755, st_size=20480, ...}, 0) = 0
newfstatat(AT_FDCWD, "/usr/lib/python3.10/encodings", {st_mode=S_IFDIR|0755, st_size=20480, ...}, 0) = 0
newfstatat(AT_FDCWD, "/usr/lib/python3.10/encodings", {st_mode=S_IFDIR|0755, st_size=20480, ...}, 0) = 0
openat(AT_FDCWD, "/usr/lib/python3.10/encodings", O_RDONLY|O_NONBLOCK|O_CLOEXEC|O_DIRECTORY) = 3
newfstatat(3, "", {st_mode=S_IFDIR|0755, st_size=20480, ...}, AT_EMPTY_PATH) = 0
getdents64(3, 0x5624303ce5c0 /* 125 entries */, 32768) = 4224
getdents64(3, 0x5624303ce5c0 /* 0 entries */, 32768) = 0
close(3)                                = 0
newfstatat(AT_FDCWD, "/usr/lib/python3.10/encodings/aliases.py", {st_mode=S_IFREG|0644, st_size=15677, ...}, 0) = 0
newfstatat(AT_FDCWD, "/usr/lib/python3.10/encodings/aliases.py", {st_mode=S_IFREG|0644, st_size=15677, ...}, 0) = 0
openat(AT_FDCWD, "/usr/lib/python3.10/encodings/__pycache__/aliases.cpython-310.pyc", O_RDONLY|O_CLOEXEC) = 3
newfstatat(3, "", {st_mode=S_IFREG|0644, st_size=10921, ...}, AT_EMPTY_PATH) = 0
ioctl(3, TCGETS, 0x7ffe205ef580)        = -1 ENOTTY (Inappropriate ioctl for device)
lseek(3, 0, SEEK_CUR)                   = 0
lseek(3, 0, SEEK_CUR)                   = 0
newfstatat(3, "", {st_mode=S_IFREG|0644, st_size=10921, ...}, AT_EMPTY_PATH) = 0
read(3, "o\r\r\n\0\0\0\0\275w[e==\0\0\343\0\0\0\0\0\0\0\0\0\0\0\0\0\0\0"..., 10922) = 10921
read(3, "", 1)                          = 0
close(3)                                = 0
newfstatat(AT_FDCWD, "/usr/lib/python3.10/encodings", {st_mode=S_IFDIR|0755, st_size=20480, ...}, 0) = 0
newfstatat(AT_FDCWD, "/usr/lib/python3.10/encodings/utf_8.py", {st_mode=S_IFREG|0644, st_size=1005, ...}, 0) = 0
newfstatat(AT_FDCWD, "/usr/lib/python3.10/encodings/utf_8.py", {st_mode=S_IFREG|0644, st_size=1005, ...}, 0) = 0
openat(AT_FDCWD, "/usr/lib/python3.10/encodings/__pycache__/utf_8.cpython-310.pyc", O_RDONLY|O_CLOEXEC) = 3
newfstatat(3, "", {st_mode=S_IFREG|0644, st_size=1597, ...}, AT_EMPTY_PATH) = 0
ioctl(3, TCGETS, 0x7ffe205f0b00)        = -1 ENOTTY (Inappropriate ioctl for device)
lseek(3, 0, SEEK_CUR)                   = 0
lseek(3, 0, SEEK_CUR)                   = 0
newfstatat(3, "", {st_mode=S_IFREG|0644, st_size=1597, ...}, AT_EMPTY_PATH) = 0
read(3, "o\r\r\n\0\0\0\0\275w[e\355\3\0\0\343\0\0\0\0\0\0\0\0\0\0\0\0\0\0\0"..., 1598) = 1597
read(3, "", 1)                          = 0
close(3)                                = 0
rt_sigaction(SIGPIPE, {sa_handler=SIG_IGN, sa_mask=[], sa_flags=SA_RESTORER|SA_ONSTACK, sa_restorer=0x7f5eecede520}, {sa_handler=SIG_DFL, sa_mask=[], sa_flags=0}, 8) = 0
rt_sigaction(SIGXFSZ, {sa_handler=SIG_IGN, sa_mask=[], sa_flags=SA_RESTORER|SA_ONSTACK, sa_restorer=0x7f5eecede520}, {sa_handler=SIG_DFL, sa_mask=[], sa_flags=0}, 8) = 0
rt_sigaction(SIGHUP, NULL, {sa_handler=SIG_DFL, sa_mask=[], sa_flags=0}, 8) = 0
rt_sigaction(SIGINT, NULL, {sa_handler=SIG_DFL, sa_mask=[], sa_flags=0}, 8) = 0
rt_sigaction(SIGQUIT, NULL, {sa_handler=SIG_DFL, sa_mask=[], sa_flags=0}, 8) = 0
rt_sigaction(SIGILL, NULL, {sa_handler=SIG_DFL, sa_mask=[], sa_flags=0}, 8) = 0
rt_sigaction(SIGTRAP, NULL, {sa_handler=SIG_DFL, sa_mask=[], sa_flags=0}, 8) = 0
rt_sigaction(SIGABRT, NULL, {sa_handler=SIG_DFL, sa_mask=[], sa_flags=0}, 8) = 0
rt_sigaction(SIGBUS, NULL, {sa_handler=SIG_DFL, sa_mask=[], sa_flags=0}, 8) = 0
rt_sigaction(SIGFPE, NULL, {sa_handler=SIG_DFL, sa_mask=[], sa_flags=0}, 8) = 0
rt_sigaction(SIGKILL, NULL, {sa_handler=SIG_DFL, sa_mask=[], sa_flags=0}, 8) = 0
rt_sigaction(SIGUSR1, NULL, {sa_handler=SIG_DFL, sa_mask=[], sa_flags=0}, 8) = 0
rt_sigaction(SIGSEGV, NULL, {sa_handler=SIG_DFL, sa_mask=[], sa_flags=0}, 8) = 0
rt_sigaction(SIGUSR2, NULL, {sa_handler=SIG_DFL, sa_mask=[], sa_flags=0}, 8) = 0
rt_sigaction(SIGPIPE, NULL, {sa_handler=SIG_IGN, sa_mask=[], sa_flags=SA_RESTORER|SA_ONSTACK, sa_restorer=0x7f5eecede520}, 8) = 0
rt_sigaction(SIGALRM, NULL, {sa_handler=SIG_DFL, sa_mask=[], sa_flags=0}, 8) = 0
rt_sigaction(SIGTERM, NULL, {sa_handler=SIG_DFL, sa_mask=[], sa_flags=0}, 8) = 0
rt_sigaction(SIGSTKFLT, NULL, {sa_handler=SIG_DFL, sa_mask=[], sa_flags=0}, 8) = 0
rt_sigaction(SIGCHLD, NULL, {sa_handler=SIG_DFL, sa_mask=[], sa_flags=0}, 8) = 0
rt_sigaction(SIGCONT, NULL, {sa_handler=SIG_DFL, sa_mask=[], sa_flags=0}, 8) = 0
rt_sigaction(SIGSTOP, NULL, {sa_handler=SIG_DFL, sa_mask=[], sa_flags=0}, 8) = 0
rt_sigaction(SIGTSTP, NULL, {sa_handler=SIG_DFL, sa_mask=[], sa_flags=0}, 8) = 0
rt_sigaction(SIGTTIN, NULL, {sa_handler=SIG_DFL, sa_mask=[], sa_flags=0}, 8) = 0
rt_sigaction(SIGTTOU, NULL, {sa_handler=SIG_DFL, sa_mask=[], sa_flags=0}, 8) = 0
rt_sigaction(SIGURG, NULL, {sa_handler=SIG_DFL, sa_mask=[], sa_flags=0}, 8) = 0
rt_sigaction(SIGXCPU, NULL, {sa_handler=SIG_DFL, sa_mask=[], sa_flags=0}, 8) = 0
rt_sigaction(SIGXFSZ, NULL, {sa_handler=SIG_IGN, sa_mask=[], sa_flags=SA_RESTORER|SA_ONSTACK, sa_restorer=0x7f5eecede520}, 8) = 0
rt_sigaction(SIGVTALRM, NULL, {sa_handler=SIG_DFL, sa_mask=[], sa_flags=0}, 8) = 0
rt_sigaction(SIGPROF, NULL, {sa_handler=SIG_DFL, sa_mask=[], sa_flags=0}, 8) = 0
rt_sigaction(SIGWINCH, NULL, {sa_handler=SIG_DFL, sa_mask=[], sa_flags=0}, 8) = 0
rt_sigaction(SIGIO, NULL, {sa_handler=SIG_DFL, sa_mask=[], sa_flags=0}, 8) = 0
rt_sigaction(SIGPWR, NULL, {sa_handler=SIG_DFL, sa_mask=[], sa_flags=0}, 8) = 0
rt_sigaction(SIGSYS, NULL, {sa_handler=SIG_DFL, sa_mask=[], sa_flags=0}, 8) = 0
rt_sigaction(SIGRT_2, NULL, {sa_handler=SIG_DFL, sa_mask=[], sa_flags=0}, 8) = 0
rt_sigaction(SIGRT_3, NULL, {sa_handler=SIG_DFL, sa_mask=[], sa_flags=0}, 8) = 0
rt_sigaction(SIGRT_4, NULL, {sa_handler=SIG_DFL, sa_mask=[], sa_flags=0}, 8) = 0
rt_sigaction(SIGRT_5, NULL, {sa_handler=SIG_DFL, sa_mask=[], sa_flags=0}, 8) = 0
rt_sigaction(SIGRT_6, NULL, {sa_handler=SIG_DFL, sa_mask=[], sa_flags=0}, 8) = 0
rt_sigaction(SIGRT_7, NULL, {sa_handler=SIG_DFL, sa_mask=[], sa_flags=0}, 8) = 0
rt_sigaction(SIGRT_8, NULL, {sa_handler=SIG_DFL, sa_mask=[], sa_flags=0}, 8) = 0
rt_sigaction(SIGRT_9, NULL, {sa_handler=SIG_DFL, sa_mask=[], sa_flags=0}, 8) = 0
rt_sigaction(SIGRT_10, NULL, {sa_handler=SIG_DFL, sa_mask=[], sa_flags=0}, 8) = 0
rt_sigaction(SIGRT_11, NULL, {sa_handler=SIG_DFL, sa_mask=[], sa_flags=0}, 8) = 0
rt_sigaction(SIGRT_12, NULL, {sa_handler=SIG_DFL, sa_mask=[], sa_flags=0}, 8) = 0
rt_sigaction(SIGRT_13, NULL, {sa_handler=SIG_DFL, sa_mask=[], sa_flags=0}, 8) = 0
rt_sigaction(SIGRT_14, NULL, {sa_handler=SIG_DFL, sa_mask=[], sa_flags=0}, 8) = 0
rt_sigaction(SIGRT_15, NULL, {sa_handler=SIG_DFL, sa_mask=[], sa_flags=0}, 8) = 0
rt_sigaction(SIGRT_16, NULL, {sa_handler=SIG_DFL, sa_mask=[], sa_flags=0}, 8) = 0
rt_sigaction(SIGRT_17, NULL, {sa_handler=SIG_DFL, sa_mask=[], sa_flags=0}, 8) = 0
rt_sigaction(SIGRT_18, NULL, {sa_handler=SIG_DFL, sa_mask=[], sa_flags=0}, 8) = 0
rt_sigaction(SIGRT_19, NULL, {sa_handler=SIG_DFL, sa_mask=[], sa_flags=0}, 8) = 0
rt_sigaction(SIGRT_20, NULL, {sa_handler=SIG_DFL, sa_mask=[], sa_flags=0}, 8) = 0
rt_sigaction(SIGRT_21, NULL, {sa_handler=SIG_DFL, sa_mask=[], sa_flags=0}, 8) = 0
rt_sigaction(SIGRT_22, NULL, {sa_handler=SIG_DFL, sa_mask=[], sa_flags=0}, 8) = 0
rt_sigaction(SIGRT_23, NULL, {sa_handler=SIG_DFL, sa_mask=[], sa_flags=0}, 8) = 0
rt_sigaction(SIGRT_24, NULL, {sa_handler=SIG_DFL, sa_mask=[], sa_flags=0}, 8) = 0
rt_sigaction(SIGRT_25, NULL, {sa_handler=SIG_DFL, sa_mask=[], sa_flags=0}, 8) = 0
rt_sigaction(SIGRT_26, NULL, {sa_handler=SIG_DFL, sa_mask=[], sa_flags=0}, 8) = 0
rt_sigaction(SIGRT_27, NULL, {sa_handler=SIG_DFL, sa_mask=[], sa_flags=0}, 8) = 0
rt_sigaction(SIGRT_28, NULL, {sa_handler=SIG_DFL, sa_mask=[], sa_flags=0}, 8) = 0
rt_sigaction(SIGRT_29, NULL, {sa_handler=SIG_DFL, sa_mask=[], sa_flags=0}, 8) = 0
rt_sigaction(SIGRT_30, NULL, {sa_handler=SIG_DFL, sa_mask=[], sa_flags=0}, 8) = 0
rt_sigaction(SIGRT_31, NULL, {sa_handler=SIG_DFL, sa_mask=[], sa_flags=0}, 8) = 0
rt_sigaction(SIGRT_32, NULL, {sa_handler=SIG_DFL, sa_mask=[], sa_flags=0}, 8) = 0
rt_sigaction(SIGINT, {sa_handler=0x56242fa16980, sa_mask=[], sa_flags=SA_RESTORER|SA_ONSTACK, sa_restorer=0x7f5eecede520}, {sa_handler=SIG_DFL, sa_mask=[], sa_flags=0}, 8) = 0
newfstatat(0, "", {st_mode=S_IFCHR|0620, st_rdev=makedev(0x88, 0), ...}, AT_EMPTY_PATH) = 0
newfstatat(AT_FDCWD, "/usr/lib/python3.10", {st_mode=S_IFDIR|0755, st_size=20480, ...}, 0) = 0
newfstatat(AT_FDCWD, "/usr/lib/python3.10/io.py", {st_mode=S_IFREG|0644, st_size=4196, ...}, 0) = 0
newfstatat(AT_FDCWD, "/usr/lib/python3.10/io.py", {st_mode=S_IFREG|0644, st_size=4196, ...}, 0) = 0
openat(AT_FDCWD, "/usr/lib/python3.10/__pycache__/io.cpython-310.pyc", O_RDONLY|O_CLOEXEC) = 3
newfstatat(3, "", {st_mode=S_IFREG|0644, st_size=3663, ...}, AT_EMPTY_PATH) = 0
ioctl(3, TCGETS, 0x7ffe205f0bc0)        = -1 ENOTTY (Inappropriate ioctl for device)
lseek(3, 0, SEEK_CUR)                   = 0
lseek(3, 0, SEEK_CUR)                   = 0
newfstatat(3, "", {st_mode=S_IFREG|0644, st_size=3663, ...}, AT_EMPTY_PATH) = 0
read(3, "o\r\r\n\0\0\0\0\275w[ed\20\0\0\343\0\0\0\0\0\0\0\0\0\0\0\0\0\0\0"..., 3664) = 3663
read(3, "", 1)                          = 0
close(3)                                = 0
newfstatat(AT_FDCWD, "/usr/lib/python3.10", {st_mode=S_IFDIR|0755, st_size=20480, ...}, 0) = 0
newfstatat(AT_FDCWD, "/usr/lib/python3.10/abc.py", {st_mode=S_IFREG|0644, st_size=6522, ...}, 0) = 0
newfstatat(AT_FDCWD, "/usr/lib/python3.10/abc.py", {st_mode=S_IFREG|0644, st_size=6522, ...}, 0) = 0
openat(AT_FDCWD, "/usr/lib/python3.10/__pycache__/abc.cpython-310.pyc", O_RDONLY|O_CLOEXEC) = 3
newfstatat(3, "", {st_mode=S_IFREG|0644, st_size=6751, ...}, AT_EMPTY_PATH) = 0
ioctl(3, TCGETS, 0x7ffe205efd40)        = -1 ENOTTY (Inappropriate ioctl for device)
lseek(3, 0, SEEK_CUR)                   = 0
lseek(3, 0, SEEK_CUR)                   = 0
newfstatat(3, "", {st_mode=S_IFREG|0644, st_size=6751, ...}, AT_EMPTY_PATH) = 0
read(3, "o\r\r\n\0\0\0\0\275w[ez\31\0\0\343\0\0\0\0\0\0\0\0\0\0\0\0\0\0\0"..., 6752) = 6751
read(3, "", 1)                          = 0
close(3)                                = 0
dup(0)                                  = 3
close(3)                                = 0
newfstatat(0, "", {st_mode=S_IFCHR|0620, st_rdev=makedev(0x88, 0), ...}, AT_EMPTY_PATH) = 0
ioctl(0, TCGETS, {B38400 opost isig icanon echo ...}) = 0
lseek(0, 0, SEEK_CUR)                   = -1 ESPIPE (Illegal seek)
ioctl(0, TCGETS, {B38400 opost isig icanon echo ...}) = 0
dup(1)                                  = 3
close(3)                                = 0
newfstatat(1, "", {st_mode=S_IFCHR|0620, st_rdev=makedev(0x88, 0), ...}, AT_EMPTY_PATH) = 0
ioctl(1, TCGETS, {B38400 opost isig icanon echo ...}) = 0
lseek(1, 0, SEEK_CUR)                   = -1 ESPIPE (Illegal seek)
ioctl(1, TCGETS, {B38400 opost isig icanon echo ...}) = 0
dup(2)                                  = 3
close(3)                                = 0
newfstatat(2, "", {st_mode=S_IFCHR|0620, st_rdev=makedev(0x88, 0), ...}, AT_EMPTY_PATH) = 0
ioctl(2, TCGETS, {B38400 opost isig icanon echo ...}) = 0
lseek(2, 0, SEEK_CUR)                   = -1 ESPIPE (Illegal seek)
ioctl(2, TCGETS, {B38400 opost isig icanon echo ...}) = 0
newfstatat(AT_FDCWD, "/usr/lib/python3.10", {st_mode=S_IFDIR|0755, st_size=20480, ...}, 0) = 0
newfstatat(AT_FDCWD, "/usr/lib/python3.10/site.py", {st_mode=S_IFREG|0644, st_size=23667, ...}, 0) = 0
newfstatat(AT_FDCWD, "/usr/lib/python3.10/site.py", {st_mode=S_IFREG|0644, st_size=23667, ...}, 0) = 0
openat(AT_FDCWD, "/usr/lib/python3.10/__pycache__/site.cpython-310.pyc", O_RDONLY|O_CLOEXEC) = 3
newfstatat(3, "", {st_mode=S_IFREG|0644, st_size=17922, ...}, AT_EMPTY_PATH) = 0
ioctl(3, TCGETS, 0x7ffe205f0bc0)        = -1 ENOTTY (Inappropriate ioctl for device)
lseek(3, 0, SEEK_CUR)                   = 0
lseek(3, 0, SEEK_CUR)                   = 0
newfstatat(3, "", {st_mode=S_IFREG|0644, st_size=17922, ...}, AT_EMPTY_PATH) = 0
read(3, "o\r\r\n\0\0\0\0\275w[es\\\0\0\343\0\0\0\0\0\0\0\0\0\0\0\0\0\0\0"..., 17923) = 17922
read(3, "", 1)                          = 0
close(3)                                = 0
brk(0x562430400000)                     = 0x562430400000
brk(0x5624303ff000)                     = 0x5624303ff000
brk(0x5624303fb000)                     = 0x5624303fb000
newfstatat(AT_FDCWD, "/usr/lib/python3.10", {st_mode=S_IFDIR|0755, st_size=20480, ...}, 0) = 0
newfstatat(AT_FDCWD, "/usr/lib/python3.10/os.py", {st_mode=S_IFREG|0644, st_size=39557, ...}, 0) = 0
newfstatat(AT_FDCWD, "/usr/lib/python3.10/os.py", {st_mode=S_IFREG|0644, st_size=39557, ...}, 0) = 0
openat(AT_FDCWD, "/usr/lib/python3.10/__pycache__/os.cpython-310.pyc", O_RDONLY|O_CLOEXEC) = 3
newfstatat(3, "", {st_mode=S_IFREG|0644, st_size=31599, ...}, AT_EMPTY_PATH) = 0
ioctl(3, TCGETS, 0x7ffe205efd40)        = -1 ENOTTY (Inappropriate ioctl for device)
lseek(3, 0, SEEK_CUR)                   = 0
lseek(3, 0, SEEK_CUR)                   = 0
newfstatat(3, "", {st_mode=S_IFREG|0644, st_size=31599, ...}, AT_EMPTY_PATH) = 0
read(3, "o\r\r\n\0\0\0\0\275w[e\205\232\0\0\343\0\0\0\0\0\0\0\0\0\0\0\0\0\0\0"..., 31600) = 31599
read(3, "", 1)                          = 0
close(3)                                = 0
mmap(NULL, 151552, PROT_READ|PROT_WRITE, MAP_PRIVATE|MAP_ANONYMOUS, -1, 0) = 0x7f5eecbbc000
newfstatat(AT_FDCWD, "/usr/lib/python3.10", {st_mode=S_IFDIR|0755, st_size=20480, ...}, 0) = 0
newfstatat(AT_FDCWD, "/usr/lib/python3.10/stat.py", {st_mode=S_IFREG|0644, st_size=5485, ...}, 0) = 0
newfstatat(AT_FDCWD, "/usr/lib/python3.10/stat.py", {st_mode=S_IFREG|0644, st_size=5485, ...}, 0) = 0
openat(AT_FDCWD, "/usr/lib/python3.10/__pycache__/stat.cpython-310.pyc", O_RDONLY|O_CLOEXEC) = 3
newfstatat(3, "", {st_mode=S_IFREG|0644, st_size=4273, ...}, AT_EMPTY_PATH) = 0
ioctl(3, TCGETS, 0x7ffe205eeec0)        = -1 ENOTTY (Inappropriate ioctl for device)
lseek(3, 0, SEEK_CUR)                   = 0
lseek(3, 0, SEEK_CUR)                   = 0
newfstatat(3, "", {st_mode=S_IFREG|0644, st_size=4273, ...}, AT_EMPTY_PATH) = 0
read(3, "o\r\r\n\0\0\0\0\275w[em\25\0\0\343\0\0\0\0\0\0\0\0\0\0\0\0\0\0\0"..., 4274) = 4273
read(3, "", 1)                          = 0
close(3)                                = 0
newfstatat(AT_FDCWD, "/usr/lib/python3.10", {st_mode=S_IFDIR|0755, st_size=20480, ...}, 0) = 0
newfstatat(AT_FDCWD, "/usr/lib/python3.10/_collections_abc.py", {st_mode=S_IFREG|0644, st_size=32284, ...}, 0) = 0
newfstatat(AT_FDCWD, "/usr/lib/python3.10/_collections_abc.py", {st_mode=S_IFREG|0644, st_size=32284, ...}, 0) = 0
openat(AT_FDCWD, "/usr/lib/python3.10/__pycache__/_collections_abc.cpython-310.pyc", O_RDONLY|O_CLOEXEC) = 3
newfstatat(3, "", {st_mode=S_IFREG|0644, st_size=32925, ...}, AT_EMPTY_PATH) = 0
ioctl(3, TCGETS, 0x7ffe205eeec0)        = -1 ENOTTY (Inappropriate ioctl for device)
lseek(3, 0, SEEK_CUR)                   = 0
lseek(3, 0, SEEK_CUR)                   = 0
newfstatat(3, "", {st_mode=S_IFREG|0644, st_size=32925, ...}, AT_EMPTY_PATH) = 0
read(3, "o\r\r\n\0\0\0\0\275w[e\34~\0\0\343\0\0\0\0\0\0\0\0\0\0\0\0\0\0\0"..., 32926) = 32925
read(3, "", 1)                          = 0
close(3)                                = 0
newfstatat(AT_FDCWD, "/usr/lib/python3.10", {st_mode=S_IFDIR|0755, st_size=20480, ...}, 0) = 0
newfstatat(AT_FDCWD, "/usr/lib/python3.10/posixpath.py", {st_mode=S_IFREG|0644, st_size=16250, ...}, 0) = 0
newfstatat(AT_FDCWD, "/usr/lib/python3.10/posixpath.py", {st_mode=S_IFREG|0644, st_size=16250, ...}, 0) = 0
openat(AT_FDCWD, "/usr/lib/python3.10/__pycache__/posixpath.cpython-310.pyc", O_RDONLY|O_CLOEXEC) = 3
newfstatat(3, "", {st_mode=S_IFREG|0644, st_size=10530, ...}, AT_EMPTY_PATH) = 0
ioctl(3, TCGETS, 0x7ffe205eeec0)        = -1 ENOTTY (Inappropriate ioctl for device)
lseek(3, 0, SEEK_CUR)                   = 0
lseek(3, 0, SEEK_CUR)                   = 0
newfstatat(3, "", {st_mode=S_IFREG|0644, st_size=10530, ...}, AT_EMPTY_PATH) = 0
read(3, "o\r\r\n\0\0\0\0\275w[ez?\0\0\343\0\0\0\0\0\0\0\0\0\0\0\0\0\0\0"..., 10531) = 10530
read(3, "", 1)                          = 0
close(3)                                = 0
newfstatat(AT_FDCWD, "/usr/lib/python3.10", {st_mode=S_IFDIR|0755, st_size=20480, ...}, 0) = 0
newfstatat(AT_FDCWD, "/usr/lib/python3.10/genericpath.py", {st_mode=S_IFREG|0644, st_size=4975, ...}, 0) = 0
newfstatat(AT_FDCWD, "/usr/lib/python3.10/genericpath.py", {st_mode=S_IFREG|0644, st_size=4975, ...}, 0) = 0
openat(AT_FDCWD, "/usr/lib/python3.10/__pycache__/genericpath.cpython-310.pyc", O_RDONLY|O_CLOEXEC) = 3
newfstatat(3, "", {st_mode=S_IFREG|0644, st_size=3907, ...}, AT_EMPTY_PATH) = 0
ioctl(3, TCGETS, 0x7ffe205ee040)        = -1 ENOTTY (Inappropriate ioctl for device)
lseek(3, 0, SEEK_CUR)                   = 0
lseek(3, 0, SEEK_CUR)                   = 0
newfstatat(3, "", {st_mode=S_IFREG|0644, st_size=3907, ...}, AT_EMPTY_PATH) = 0
read(3, "o\r\r\n\0\0\0\0\275w[eo\23\0\0\343\0\0\0\0\0\0\0\0\0\0\0\0\0\0\0"..., 3908) = 3907
read(3, "", 1)                          = 0
close(3)                                = 0
newfstatat(AT_FDCWD, "/usr/lib/python3.10", {st_mode=S_IFDIR|0755, st_size=20480, ...}, 0) = 0
newfstatat(AT_FDCWD, "/usr/lib/python3.10/_sitebuiltins.py", {st_mode=S_IFREG|0644, st_size=3128, ...}, 0) = 0
newfstatat(AT_FDCWD, "/usr/lib/python3.10/_sitebuiltins.py", {st_mode=S_IFREG|0644, st_size=3128, ...}, 0) = 0
openat(AT_FDCWD, "/usr/lib/python3.10/__pycache__/_sitebuiltins.cpython-310.pyc", O_RDONLY|O_CLOEXEC) = 3
newfstatat(3, "", {st_mode=S_IFREG|0644, st_size=3547, ...}, AT_EMPTY_PATH) = 0
ioctl(3, TCGETS, 0x7ffe205efd40)        = -1 ENOTTY (Inappropriate ioctl for device)
lseek(3, 0, SEEK_CUR)                   = 0
lseek(3, 0, SEEK_CUR)                   = 0
newfstatat(3, "", {st_mode=S_IFREG|0644, st_size=3547, ...}, AT_EMPTY_PATH) = 0
read(3, "o\r\r\n\0\0\0\0\275w[e8\f\0\0\343\0\0\0\0\0\0\0\0\0\0\0\0\0\0\0"..., 3548) = 3547
read(3, "", 1)                          = 0
close(3)                                = 0
newfstatat(AT_FDCWD, "/usr/bin/pyvenv.cfg", 0x7ffe205f06d0, 0) = -1 ENOENT (No such file or directory)
newfstatat(AT_FDCWD, "/usr/pyvenv.cfg", 0x7ffe205f06d0, 0) = -1 ENOENT (No such file or directory)
geteuid()                               = 1000
getuid()                                = 1000
getegid()                               = 1000
getgid()                                = 1000
newfstatat(AT_FDCWD, "/home/shapelayer/.local/lib/python3.10/site-packages", {st_mode=S_IFDIR|0755, st_size=4096, ...}, 0) = 0
openat(AT_FDCWD, "/home/shapelayer/.local/lib/python3.10/site-packages", O_RDONLY|O_NONBLOCK|O_CLOEXEC|O_DIRECTORY) = 3
newfstatat(3, "", {st_mode=S_IFDIR|0755, st_size=4096, ...}, AT_EMPTY_PATH) = 0
getdents64(3, 0x5624303e5d30 /* 26 entries */, 32768) = 968
getdents64(3, 0x5624303e5d30 /* 0 entries */, 32768) = 0
close(3)                                = 0
openat(AT_FDCWD, "/home/shapelayer/.local/lib/python3.10/site-packages/distutils-precedence.pth", O_RDONLY|O_CLOEXEC) = 3
newfstatat(3, "", {st_mode=S_IFREG|0644, st_size=151, ...}, AT_EMPTY_PATH) = 0
ioctl(3, TCGETS, 0x7ffe205f0360)        = -1 ENOTTY (Inappropriate ioctl for device)
lseek(3, 0, SEEK_CUR)                   = 0
ioctl(3, TCGETS, 0x7ffe205f0630)        = -1 ENOTTY (Inappropriate ioctl for device)
read(3, "import os; var = 'SETUPTOOLS_USE"..., 8192) = 151
newfstatat(AT_FDCWD, "/usr/lib/python3.10", {st_mode=S_IFDIR|0755, st_size=20480, ...}, 0) = 0
newfstatat(AT_FDCWD, "/usr/lib/python3.10/lib-dynload", {st_mode=S_IFDIR|0755, st_size=12288, ...}, 0) = 0
newfstatat(AT_FDCWD, "/usr/lib/python3.10/lib-dynload", {st_mode=S_IFDIR|0755, st_size=12288, ...}, 0) = 0
newfstatat(AT_FDCWD, "/usr/lib/python3.10/lib-dynload", {st_mode=S_IFDIR|0755, st_size=12288, ...}, 0) = 0
openat(AT_FDCWD, "/usr/lib/python3.10/lib-dynload", O_RDONLY|O_NONBLOCK|O_CLOEXEC|O_DIRECTORY) = 4
newfstatat(4, "", {st_mode=S_IFDIR|0755, st_size=12288, ...}, AT_EMPTY_PATH) = 0
getdents64(4, 0x5624303e5d30 /* 49 entries */, 32768) = 3080
getdents64(4, 0x5624303e5d30 /* 0 entries */, 32768) = 0
close(4)                                = 0
newfstatat(AT_FDCWD, "/home/shapelayer/.local/lib/python3.10/site-packages", {st_mode=S_IFDIR|0755, st_size=4096, ...}, 0) = 0
newfstatat(AT_FDCWD, "/home/shapelayer/.local/lib/python3.10/site-packages", {st_mode=S_IFDIR|0755, st_size=4096, ...}, 0) = 0
newfstatat(AT_FDCWD, "/home/shapelayer/.local/lib/python3.10/site-packages", {st_mode=S_IFDIR|0755, st_size=4096, ...}, 0) = 0
openat(AT_FDCWD, "/home/shapelayer/.local/lib/python3.10/site-packages", O_RDONLY|O_NONBLOCK|O_CLOEXEC|O_DIRECTORY) = 4
newfstatat(4, "", {st_mode=S_IFDIR|0755, st_size=4096, ...}, AT_EMPTY_PATH) = 0
getdents64(4, 0x5624303e5d30 /* 26 entries */, 32768) = 968
getdents64(4, 0x5624303e5d30 /* 0 entries */, 32768) = 0
close(4)                                = 0
newfstatat(AT_FDCWD, "/home/shapelayer/.local/lib/python3.10/site-packages/_distutils_hack/__init__.cpython-310-x86_64-linux-gnu.so", 0x7ffe205eee90, 0) = -1 ENOENT (No such file or directory)
newfstatat(AT_FDCWD, "/home/shapelayer/.local/lib/python3.10/site-packages/_distutils_hack/__init__.abi3.so", 0x7ffe205eee90, 0) = -1 ENOENT (No such file or directory)
newfstatat(AT_FDCWD, "/home/shapelayer/.local/lib/python3.10/site-packages/_distutils_hack/__init__.so", 0x7ffe205eee90, 0) = -1 ENOENT (No such file or directory)
newfstatat(AT_FDCWD, "/home/shapelayer/.local/lib/python3.10/site-packages/_distutils_hack/__init__.py", {st_mode=S_IFREG|0644, st_size=6299, ...}, 0) = 0
newfstatat(AT_FDCWD, "/home/shapelayer/.local/lib/python3.10/site-packages/_distutils_hack/__init__.py", {st_mode=S_IFREG|0644, st_size=6299, ...}, 0) = 0
openat(AT_FDCWD, "/home/shapelayer/.local/lib/python3.10/site-packages/_distutils_hack/__pycache__/__init__.cpython-310.pyc", O_RDONLY|O_CLOEXEC) = 4
newfstatat(4, "", {st_mode=S_IFREG|0644, st_size=7651, ...}, AT_EMPTY_PATH) = 0
ioctl(4, TCGETS, 0x7ffe205ef180)        = -1 ENOTTY (Inappropriate ioctl for device)
lseek(4, 0, SEEK_CUR)                   = 0
lseek(4, 0, SEEK_CUR)                   = 0
newfstatat(4, "", {st_mode=S_IFREG|0644, st_size=7651, ...}, AT_EMPTY_PATH) = 0
read(4, "o\r\r\n\0\0\0\0^s\201e\233\30\0\0\343\0\0\0\0\0\0\0\0\0\0\0\0\0\0\0"..., 7652) = 7651
read(4, "", 1)                          = 0
close(4)                                = 0
read(3, "", 8192)                       = 0
close(3)                                = 0
newfstatat(AT_FDCWD, "/usr/local/lib/python3.10/dist-packages", {st_mode=S_IFDIR|0755, st_size=4096, ...}, 0) = 0
openat(AT_FDCWD, "/usr/local/lib/python3.10/dist-packages", O_RDONLY|O_NONBLOCK|O_CLOEXEC|O_DIRECTORY) = 3
newfstatat(3, "", {st_mode=S_IFDIR|0755, st_size=4096, ...}, AT_EMPTY_PATH) = 0
getdents64(3, 0x5624303e7bd0 /* 16 entries */, 32768) = 608
getdents64(3, 0x5624303e7bd0 /* 0 entries */, 32768) = 0
close(3)                                = 0
newfstatat(AT_FDCWD, "/usr/lib/python3/dist-packages", {st_mode=S_IFDIR|0755, st_size=4096, ...}, 0) = 0
openat(AT_FDCWD, "/usr/lib/python3/dist-packages", O_RDONLY|O_NONBLOCK|O_CLOEXEC|O_DIRECTORY) = 3
newfstatat(3, "", {st_mode=S_IFDIR|0755, st_size=4096, ...}, AT_EMPTY_PATH) = 0
getdents64(3, 0x5624303e7bd0 /* 93 entries */, 32768) = 3888
getdents64(3, 0x5624303e7bd0 /* 0 entries */, 32768) = 0
close(3)                                = 0
newfstatat(AT_FDCWD, "/usr/lib/python3.10/dist-packages", 0x7ffe205f08b0, 0) = -1 ENOENT (No such file or directory)
newfstatat(AT_FDCWD, "/usr/lib/python3.10", {st_mode=S_IFDIR|0755, st_size=20480, ...}, 0) = 0
newfstatat(AT_FDCWD, "/usr/lib/python3.10/sitecustomize.py", {st_mode=S_IFREG|0644, st_size=155, ...}, 0) = 0
newfstatat(AT_FDCWD, "/usr/lib/python3.10/sitecustomize.py", {st_mode=S_IFREG|0644, st_size=155, ...}, 0) = 0
openat(AT_FDCWD, "/usr/lib/python3.10/__pycache__/sitecustomize.cpython-310.pyc", O_RDONLY|O_CLOEXEC) = 3
newfstatat(3, "", {st_mode=S_IFREG|0644, st_size=225, ...}, AT_EMPTY_PATH) = 0
ioctl(3, TCGETS, 0x7ffe205ef980)        = -1 ENOTTY (Inappropriate ioctl for device)
lseek(3, 0, SEEK_CUR)                   = 0
lseek(3, 0, SEEK_CUR)                   = 0
newfstatat(3, "", {st_mode=S_IFREG|0644, st_size=225, ...}, AT_EMPTY_PATH) = 0
read(3, "o\r\r\n\0\0\0\0\223\21Hb\233\0\0\0\343\0\0\0\0\0\0\0\0\0\0\0\0\0\0\0"..., 226) = 225
read(3, "", 1)                          = 0
close(3)                                = 0
newfstatat(AT_FDCWD, "/usr/lib/python3.10", {st_mode=S_IFDIR|0755, st_size=20480, ...}, 0) = 0
newfstatat(AT_FDCWD, "/usr/lib/python3.10/lib-dynload", {st_mode=S_IFDIR|0755, st_size=12288, ...}, 0) = 0
newfstatat(AT_FDCWD, "/home/shapelayer/.local/lib/python3.10/site-packages", {st_mode=S_IFDIR|0755, st_size=4096, ...}, 0) = 0
newfstatat(AT_FDCWD, "/usr/local/lib/python3.10/dist-packages", {st_mode=S_IFDIR|0755, st_size=4096, ...}, 0) = 0
newfstatat(AT_FDCWD, "/usr/local/lib/python3.10/dist-packages", {st_mode=S_IFDIR|0755, st_size=4096, ...}, 0) = 0
newfstatat(AT_FDCWD, "/usr/local/lib/python3.10/dist-packages", {st_mode=S_IFDIR|0755, st_size=4096, ...}, 0) = 0
openat(AT_FDCWD, "/usr/local/lib/python3.10/dist-packages", O_RDONLY|O_NONBLOCK|O_CLOEXEC|O_DIRECTORY) = 3
newfstatat(3, "", {st_mode=S_IFDIR|0755, st_size=4096, ...}, AT_EMPTY_PATH) = 0
getdents64(3, 0x5624303e7bd0 /* 16 entries */, 32768) = 608
getdents64(3, 0x5624303e7bd0 /* 0 entries */, 32768) = 0
close(3)                                = 0
newfstatat(AT_FDCWD, "/usr/lib/python3/dist-packages", {st_mode=S_IFDIR|0755, st_size=4096, ...}, 0) = 0
newfstatat(AT_FDCWD, "/usr/lib/python3/dist-packages", {st_mode=S_IFDIR|0755, st_size=4096, ...}, 0) = 0
newfstatat(AT_FDCWD, "/usr/lib/python3/dist-packages", {st_mode=S_IFDIR|0755, st_size=4096, ...}, 0) = 0
openat(AT_FDCWD, "/usr/lib/python3/dist-packages", O_RDONLY|O_NONBLOCK|O_CLOEXEC|O_DIRECTORY) = 3
newfstatat(3, "", {st_mode=S_IFDIR|0755, st_size=4096, ...}, AT_EMPTY_PATH) = 0
getdents64(3, 0x5624303e7bd0 /* 93 entries */, 32768) = 3888
getdents64(3, 0x5624303e7bd0 /* 0 entries */, 32768) = 0
close(3)                                = 0
newfstatat(AT_FDCWD, "/usr/lib/python3/dist-packages/apport_python_hook.py", {st_mode=S_IFREG|0644, st_size=8063, ...}, 0) = 0
newfstatat(AT_FDCWD, "/usr/lib/python3/dist-packages/apport_python_hook.py", {st_mode=S_IFREG|0644, st_size=8063, ...}, 0) = 0
openat(AT_FDCWD, "/usr/lib/python3/dist-packages/__pycache__/apport_python_hook.cpython-310.pyc", O_RDONLY|O_CLOEXEC) = 3
newfstatat(3, "", {st_mode=S_IFREG|0644, st_size=4661, ...}, AT_EMPTY_PATH) = 0
ioctl(3, TCGETS, 0x7ffe205eeb00)        = -1 ENOTTY (Inappropriate ioctl for device)
lseek(3, 0, SEEK_CUR)                   = 0
lseek(3, 0, SEEK_CUR)                   = 0
newfstatat(3, "", {st_mode=S_IFREG|0644, st_size=4661, ...}, AT_EMPTY_PATH) = 0
read(3, "o\r\r\n\0\0\0\0j\2138d\177\37\0\0\343\0\0\0\0\0\0\0\0\0\0\0\0\0\0\0"..., 4662) = 4661
read(3, "", 1)                          = 0
close(3)                                = 0
newfstatat(AT_FDCWD, "/usr/lib/python3.10", {st_mode=S_IFDIR|0755, st_size=20480, ...}, 0) = 0
newfstatat(AT_FDCWD, "/usr/lib/python3.10/lib-dynload", {st_mode=S_IFDIR|0755, st_size=12288, ...}, 0) = 0
newfstatat(AT_FDCWD, "/home/shapelayer/.local/lib/python3.10/site-packages", {st_mode=S_IFDIR|0755, st_size=4096, ...}, 0) = 0
newfstatat(AT_FDCWD, "/usr/local/lib/python3.10/dist-packages", {st_mode=S_IFDIR|0755, st_size=4096, ...}, 0) = 0
newfstatat(AT_FDCWD, "/usr/lib/python3/dist-packages", {st_mode=S_IFDIR|0755, st_size=4096, ...}, 0) = 0
newfstatat(AT_FDCWD, "/mnt/c/Users/ShapeLayer/Documents/GitHub/ShapeLayer/training/lectures/jnu/operating-system-park-2024/lecture_02/strace/py_runner.py", {st_mode=S_IFREG|0777, st_size=24, ...}, 0) = 0
openat(AT_FDCWD, "/mnt/c/Users/ShapeLayer/Documents/GitHub/ShapeLayer/training/lectures/jnu/operating-system-park-2024/lecture_02/strace/py_runner.py", O_RDONLY|O_CLOEXEC) = 3
newfstatat(3, "", {st_mode=S_IFREG|0777, st_size=24, ...}, AT_EMPTY_PATH) = 0
ioctl(3, TCGETS, 0x7ffe205f1a00)        = -1 ENOTTY (Inappropriate ioctl for device)
lseek(3, 0, SEEK_CUR)                   = 0
lseek(3, 0, SEEK_CUR)                   = 0
lseek(3, -22, SEEK_END)                 = 2
lseek(3, 0, SEEK_CUR)                   = 2
read(3, "int('Hello, Syscall')\n", 4096) = 22
lseek(3, 0, SEEK_END)                   = 24
lseek(3, 0, SEEK_CUR)                   = 24
lseek(3, 0, SEEK_SET)                   = 0
lseek(3, 0, SEEK_CUR)                   = 0
newfstatat(3, "", {st_mode=S_IFREG|0777, st_size=24, ...}, AT_EMPTY_PATH) = 0
read(3, "print('Hello, Syscall')\n", 25) = 24
read(3, "", 1)                          = 0
lseek(3, 0, SEEK_SET)                   = 0
close(3)                                = 0
newfstatat(AT_FDCWD, "/mnt/c/Users/ShapeLayer/Documents/GitHub/ShapeLayer/training/lectures/jnu/operating-system-park-2024/lecture_02/strace/py_runner.py", {st_mode=S_IFREG|0777, st_size=24, ...}, 0) = 0
readlink("py_runner.py", 0x7ffe205e1360, 4096) = -1 EINVAL (Invalid argument)
getcwd("/mnt/c/Users/ShapeLayer/Documents/GitHub/ShapeLayer/training/lectures/jnu/operating-system-park-2024/lecture_02/strace", 1024) = 119
readlink("/mnt/c/Users/ShapeLayer/Documents/GitHub/ShapeLayer/training/lectures/jnu/operating-system-park-2024/lecture_02/strace/py_runner.py", 0x7ffe205e0ae0, 1023) = -1 EINVAL (Invalid argument)
openat(AT_FDCWD, "/mnt/c/Users/ShapeLayer/Documents/GitHub/ShapeLayer/training/lectures/jnu/operating-system-park-2024/lecture_02/strace/py_runner.py", O_RDONLY) = 3
ioctl(3, FIOCLEX)                       = 0
newfstatat(3, "", {st_mode=S_IFREG|0777, st_size=24, ...}, AT_EMPTY_PATH) = 0
ioctl(3, TCGETS, 0x7ffe205f2310)        = -1 ENOTTY (Inappropriate ioctl for device)
lseek(3, 0, SEEK_CUR)                   = 0
newfstatat(3, "", {st_mode=S_IFREG|0777, st_size=24, ...}, AT_EMPTY_PATH) = 0
read(3, "print('Hello, Syscall')\n", 4096) = 24
lseek(3, 0, SEEK_SET)                   = 0
read(3, "print('Hello, Syscall')\n", 4096) = 24
read(3, "", 4096)                       = 0
close(3)                                = 0
write(1, "Hello, Syscall\n", 15)        = 15
rt_sigaction(SIGINT, {sa_handler=SIG_DFL, sa_mask=[], sa_flags=SA_RESTORER|SA_ONSTACK, sa_restorer=0x7f5eecede520}, {sa_handler=0x56242fa16980, sa_mask=[], sa_flags=SA_RESTORER|SA_ONSTACK, sa_restorer=0x7f5eecede520}, 8) = 0
munmap(0x7f5eecbbc000, 151552)          = 0
exit_group(0)                           = ?
+++ exited with 0 +++
